2017-09-09 01:37:24.1362|1|Microsoft.AspNetCore.Hosting.Internal.WebHost|INFO||Request starting HTTP/1.1 GET http://localhost:52891/api/values   
2017-09-09 01:37:24.5428|1|Microsoft.AspNetCore.Mvc.Internal.ControllerActionInvoker|INFO||Executing action method Contoso.WebAPI.Controllers.ValuesController.Get (Contoso.WebAPI) with arguments ((null)) - ModelState is Valid 
2017-09-09 01:37:24.5818|1|Microsoft.AspNetCore.Mvc.Internal.ObjectResultExecutor|INFO||Executing ObjectResult, writing value Microsoft.AspNetCore.Mvc.ControllerContext. 
2017-09-09 01:37:24.7394|2|Microsoft.AspNetCore.Mvc.Internal.ControllerActionInvoker|INFO||Executed action Contoso.WebAPI.Controllers.ValuesController.Get (Contoso.WebAPI) in 233.0329ms 
2017-09-09 01:37:24.7584|2|Microsoft.AspNetCore.Hosting.Internal.WebHost|INFO||Request finished in 635.4381ms 200 application/json; charset=utf-8 
2017-09-09 01:37:24.8469|1|Microsoft.AspNetCore.Hosting.Internal.WebHost|INFO||Request starting HTTP/1.1 GET http://localhost:52891/favicon.ico   
2017-09-09 01:37:24.8659|2|Microsoft.AspNetCore.Hosting.Internal.WebHost|INFO||Request finished in 18.5207ms 404  
2017-09-09 01:37:29.4797|1|Microsoft.AspNetCore.Hosting.Internal.WebHost|INFO||Request starting HTTP/1.1 GET http://localhost:52891/api/values/0   
2017-09-09 01:37:29.5982|1|Microsoft.AspNetCore.Mvc.Internal.ControllerActionInvoker|INFO||Executing action method Contoso.WebAPI.Controllers.ValuesController.Get (Contoso.WebAPI) with arguments (0) - ModelState is Valid 
2017-09-09 01:37:32.5955|1|Microsoft.AspNetCore.Mvc.Internal.ContentResultExecutor|INFO||Executing ContentResult with HTTP Response ContentType of application/json 
2017-09-09 01:37:32.6060|2|Microsoft.AspNetCore.Mvc.Internal.ControllerActionInvoker|INFO||Executed action Contoso.WebAPI.Controllers.ValuesController.Get (Contoso.WebAPI) in 3057.1416ms 
2017-09-09 01:37:32.6160|2|Microsoft.AspNetCore.Hosting.Internal.WebHost|INFO||Request finished in 3136.761ms 500 application/json 
2017-09-09 01:43:55.1396|1|Microsoft.AspNetCore.Hosting.Internal.WebHost|INFO||Request starting HTTP/1.1 GET http://localhost:52891/api/values   
2017-09-09 01:43:55.5769|1|Microsoft.AspNetCore.Mvc.Internal.ControllerActionInvoker|INFO||Executing action method Contoso.WebAPI.Controllers.ValuesController.Get (Contoso.WebAPI) with arguments ((null)) - ModelState is Valid 
2017-09-09 01:43:55.6269|1|Microsoft.AspNetCore.Mvc.Internal.ObjectResultExecutor|INFO||Executing ObjectResult, writing value Microsoft.AspNetCore.Mvc.ControllerContext. 
2017-09-09 01:43:55.8109|2|Microsoft.AspNetCore.Mvc.Internal.ControllerActionInvoker|INFO||Executed action Contoso.WebAPI.Controllers.ValuesController.Get (Contoso.WebAPI) in 270.9273ms 
2017-09-09 01:43:55.8359|2|Microsoft.AspNetCore.Hosting.Internal.WebHost|INFO||Request finished in 710.1199ms 200 application/json; charset=utf-8 
2017-09-09 01:43:55.9260|1|Microsoft.AspNetCore.Hosting.Internal.WebHost|INFO||Request starting HTTP/1.1 GET http://localhost:52891/favicon.ico   
2017-09-09 01:43:55.9470|2|Microsoft.AspNetCore.Hosting.Internal.WebHost|INFO||Request finished in 21.3533ms 404  
2017-09-09 01:44:00.1138|1|Microsoft.AspNetCore.Hosting.Internal.WebHost|INFO||Request starting HTTP/1.1 GET http://localhost:52891/api/values/0   
2017-09-09 01:44:00.2554|1|Microsoft.AspNetCore.Mvc.Internal.ControllerActionInvoker|INFO||Executing action method Contoso.WebAPI.Controllers.ValuesController.Get (Contoso.WebAPI) with arguments (0) - ModelState is Valid 
2017-09-09 01:44:03.5917|1|Microsoft.AspNetCore.Mvc.Internal.ContentResultExecutor|INFO||Executing ContentResult with HTTP Response ContentType of application/json 
2017-09-09 01:44:03.6047|2|Microsoft.AspNetCore.Mvc.Internal.ControllerActionInvoker|INFO||Executed action Contoso.WebAPI.Controllers.ValuesController.Get (Contoso.WebAPI) in 3398.1963ms 
2017-09-09 01:44:03.6167|2|Microsoft.AspNetCore.Hosting.Internal.WebHost|INFO||Request finished in 3502.3381ms 500 application/json 
2017-09-09 01:51:45.6842|1|Microsoft.AspNetCore.Hosting.Internal.WebHost|INFO||Request starting HTTP/1.1 GET http://localhost:52891/api/values   |<ProcessRequestsAsync>d__2.MoveNext => HostingApplication.CreateContext => HostingApplicationDiagnostics.LogRequestStarting
2017-09-09 01:51:46.1953|1|Microsoft.AspNetCore.Mvc.Internal.ControllerActionInvoker|INFO||Executing action method Contoso.WebAPI.Controllers.ValuesController.Get (Contoso.WebAPI) with arguments ((null)) - ModelState is Valid |AsyncTaskMethodBuilder.Start => <InvokeActionMethodAsync>d__12.MoveNext => MvcCoreLoggerExtensions.ActionMethodExecuting
2017-09-09 01:51:46.2473|1|Microsoft.AspNetCore.Mvc.Internal.ObjectResultExecutor|INFO||Executing ObjectResult, writing value Microsoft.AspNetCore.Mvc.ControllerContext. |ObjectResult.ExecuteResultAsync => ObjectResultExecutor.ExecuteAsync => MvcCoreLoggerExtensions.ObjectResultExecuting
2017-09-09 01:51:46.4255|2|Microsoft.AspNetCore.Mvc.Internal.ControllerActionInvoker|INFO||Executed action Contoso.WebAPI.Controllers.ValuesController.Get (Contoso.WebAPI) in 298.7648ms |AsyncTaskMethodBuilder.Start => <InvokeAsync>d__15.MoveNext => MvcCoreLoggerExtensions.ExecutedAction
2017-09-09 01:51:46.4535|2|Microsoft.AspNetCore.Hosting.Internal.WebHost|INFO||Request finished in 783.6063ms 200 application/json; charset=utf-8 |<ProcessRequestsAsync>d__2.MoveNext => HostingApplication.DisposeContext => HostingApplicationDiagnostics.LogRequestFinished
2017-09-09 01:51:46.5385|1|Microsoft.AspNetCore.Hosting.Internal.WebHost|INFO||Request starting HTTP/1.1 GET http://localhost:52891/favicon.ico   |<ProcessRequestsAsync>d__2.MoveNext => HostingApplication.CreateContext => HostingApplicationDiagnostics.LogRequestStarting
2017-09-09 01:51:46.5615|2|Microsoft.AspNetCore.Hosting.Internal.WebHost|INFO||Request finished in 23.1532ms 404  |<ProcessRequestsAsync>d__2.MoveNext => HostingApplication.DisposeContext => HostingApplicationDiagnostics.LogRequestFinished
2017-09-09 01:51:50.8347|1|Microsoft.AspNetCore.Hosting.Internal.WebHost|INFO||Request starting HTTP/1.1 GET http://localhost:52891/api/values/0   |<ProcessRequestsAsync>d__2.MoveNext => HostingApplication.CreateContext => HostingApplicationDiagnostics.LogRequestStarting
2017-09-09 01:51:51.0033|1|Microsoft.AspNetCore.Mvc.Internal.ControllerActionInvoker|INFO||Executing action method Contoso.WebAPI.Controllers.ValuesController.Get (Contoso.WebAPI) with arguments (0) - ModelState is Valid |AsyncTaskMethodBuilder.Start => <InvokeActionMethodAsync>d__12.MoveNext => MvcCoreLoggerExtensions.ActionMethodExecuting
2017-09-09 01:51:52.7122|1|Microsoft.AspNetCore.Mvc.Internal.ContentResultExecutor|INFO||Executing ContentResult with HTTP Response ContentType of application/json |AsyncTaskMethodBuilder.Start => <ExecuteAsync>d__4.MoveNext => MvcCoreLoggerExtensions.ContentResultExecuting
2017-09-09 01:51:52.7282|2|Microsoft.AspNetCore.Mvc.Internal.ControllerActionInvoker|INFO||Executed action Contoso.WebAPI.Controllers.ValuesController.Get (Contoso.WebAPI) in 1778.478ms |AsyncTaskMethodBuilder.Start => <InvokeAsync>d__15.MoveNext => MvcCoreLoggerExtensions.ExecutedAction
2017-09-09 01:51:52.7483|2|Microsoft.AspNetCore.Hosting.Internal.WebHost|INFO||Request finished in 1913.7578ms 500 application/json |<ProcessRequestsAsync>d__2.MoveNext => HostingApplication.DisposeContext => HostingApplicationDiagnostics.LogRequestFinished
2017-09-09 01:53:06.5478|1|Microsoft.AspNetCore.Hosting.Internal.WebHost|INFO||Request starting HTTP/1.1 GET http://localhost:52891/api/values   
2017-09-09 01:53:06.9873|1|Microsoft.AspNetCore.Mvc.Internal.ControllerActionInvoker|INFO||Executing action method Contoso.WebAPI.Controllers.ValuesController.Get (Contoso.WebAPI) with arguments ((null)) - ModelState is Valid 
2017-09-09 01:53:07.0473|1|Microsoft.AspNetCore.Mvc.Internal.ObjectResultExecutor|INFO||Executing ObjectResult, writing value Microsoft.AspNetCore.Mvc.ControllerContext. 
2017-09-09 01:53:07.2053|2|Microsoft.AspNetCore.Mvc.Internal.ControllerActionInvoker|INFO||Executed action Contoso.WebAPI.Controllers.ValuesController.Get (Contoso.WebAPI) in 260.0843ms 
2017-09-09 01:53:07.2373|2|Microsoft.AspNetCore.Hosting.Internal.WebHost|INFO||Request finished in 707.2167ms 200 application/json; charset=utf-8 
2017-09-09 01:53:07.3274|1|Microsoft.AspNetCore.Hosting.Internal.WebHost|INFO||Request starting HTTP/1.1 GET http://localhost:52891/favicon.ico   
2017-09-09 01:53:07.3514|2|Microsoft.AspNetCore.Hosting.Internal.WebHost|INFO||Request finished in 24.5359ms 404  
2017-09-09 01:53:10.4968|1|Microsoft.AspNetCore.Hosting.Internal.WebHost|INFO||Request starting HTTP/1.1 GET http://localhost:52891/api/values/0   
2017-09-09 01:53:10.6503|1|Microsoft.AspNetCore.Mvc.Internal.ControllerActionInvoker|INFO||Executing action method Contoso.WebAPI.Controllers.ValuesController.Get (Contoso.WebAPI) with arguments (0) - ModelState is Valid 
2017-09-09 01:53:12.6751|1|Microsoft.AspNetCore.Mvc.Internal.ContentResultExecutor|INFO||Executing ContentResult with HTTP Response ContentType of application/json 
2017-09-09 01:53:12.6886|2|Microsoft.AspNetCore.Mvc.Internal.ControllerActionInvoker|INFO||Executed action Contoso.WebAPI.Controllers.ValuesController.Get (Contoso.WebAPI) in 2086.2433ms 
2017-09-09 01:53:12.7031|2|Microsoft.AspNetCore.Hosting.Internal.WebHost|INFO||Request finished in 2206.3794ms 500 application/json 
2017-09-09 01:54:58.7070|1|Microsoft.AspNetCore.Hosting.Internal.WebHost|INFO||Request starting HTTP/1.1 GET http://localhost:52891/api/values   
2017-09-09 01:54:59.1625|1|Microsoft.AspNetCore.Mvc.Internal.ControllerActionInvoker|INFO||Executing action method Contoso.WebAPI.Controllers.ValuesController.Get (Contoso.WebAPI) with arguments ((null)) - ModelState is Valid 
2017-09-09 01:54:59.2271|1|Microsoft.AspNetCore.Mvc.Internal.ObjectResultExecutor|INFO||Executing ObjectResult, writing value Microsoft.AspNetCore.Mvc.ControllerContext. 
2017-09-09 01:54:59.3892|2|Microsoft.AspNetCore.Mvc.Internal.ControllerActionInvoker|INFO||Executed action Contoso.WebAPI.Controllers.ValuesController.Get (Contoso.WebAPI) in 262.2169ms 
2017-09-09 01:54:59.4142|2|Microsoft.AspNetCore.Hosting.Internal.WebHost|INFO||Request finished in 719.7139ms 200 application/json; charset=utf-8 
2017-09-09 01:54:59.4972|1|Microsoft.AspNetCore.Hosting.Internal.WebHost|INFO||Request starting HTTP/1.1 GET http://localhost:52891/favicon.ico   
2017-09-09 01:54:59.5222|2|Microsoft.AspNetCore.Hosting.Internal.WebHost|INFO||Request finished in 24.4181ms 404  
2017-09-09 01:55:02.8016|1|Microsoft.AspNetCore.Hosting.Internal.WebHost|INFO||Request starting HTTP/1.1 GET http://localhost:52891/api/values/0   
2017-09-09 01:55:02.9548|1|Microsoft.AspNetCore.Mvc.Internal.ControllerActionInvoker|INFO||Executing action method Contoso.WebAPI.Controllers.ValuesController.Get (Contoso.WebAPI) with arguments (0) - ModelState is Valid 
2017-09-09 01:55:05.2361|1|Microsoft.AspNetCore.Mvc.Internal.ContentResultExecutor|INFO||Executing ContentResult with HTTP Response ContentType of application/json 
2017-09-09 01:55:05.2551|2|Microsoft.AspNetCore.Mvc.Internal.ControllerActionInvoker|INFO||Executed action Contoso.WebAPI.Controllers.ValuesController.Get (Contoso.WebAPI) in 2366.7344ms 
2017-09-09 01:55:05.2706|2|Microsoft.AspNetCore.Hosting.Internal.WebHost|INFO||Request finished in 2469.1691ms 500 application/json 
2017-09-09 01:57:16.5660|1|Microsoft.AspNetCore.Hosting.Internal.WebHost|INFO||Request starting HTTP/1.1 GET http://localhost:52891/api/values   
2017-09-09 01:57:17.0773|1|Microsoft.AspNetCore.Mvc.Internal.ControllerActionInvoker|INFO||Executing action method Contoso.WebAPI.Controllers.ValuesController.Get (Contoso.WebAPI) with arguments ((null)) - ModelState is Valid 
2017-09-09 01:57:17.1433|1|Microsoft.AspNetCore.Mvc.Internal.ObjectResultExecutor|INFO||Executing ObjectResult, writing value Microsoft.AspNetCore.Mvc.ControllerContext. 
2017-09-09 01:57:17.3273|2|Microsoft.AspNetCore.Mvc.Internal.ControllerActionInvoker|INFO||Executed action Contoso.WebAPI.Controllers.ValuesController.Get (Contoso.WebAPI) in 308.1153ms 
2017-09-09 01:57:17.3503|2|Microsoft.AspNetCore.Hosting.Internal.WebHost|INFO||Request finished in 802.03ms 200 application/json; charset=utf-8 
2017-09-09 01:57:17.4324|1|Microsoft.AspNetCore.Hosting.Internal.WebHost|INFO||Request starting HTTP/1.1 GET http://localhost:52891/favicon.ico   
2017-09-09 01:57:17.4689|2|Microsoft.AspNetCore.Hosting.Internal.WebHost|INFO||Request finished in 36.1375ms 404  
2017-09-09 01:57:21.8422|1|Microsoft.AspNetCore.Hosting.Internal.WebHost|INFO||Request starting HTTP/1.1 GET http://localhost:52891/api/values/0   
2017-09-09 01:57:22.0040|1|Microsoft.AspNetCore.Mvc.Internal.ControllerActionInvoker|INFO||Executing action method Contoso.WebAPI.Controllers.ValuesController.Get (Contoso.WebAPI) with arguments (0) - ModelState is Valid 
2017-09-09 01:57:23.8594|1|Microsoft.AspNetCore.Mvc.Internal.ContentResultExecutor|INFO||Executing ContentResult with HTTP Response ContentType of application/json 
2017-09-09 01:57:23.8729|2|Microsoft.AspNetCore.Mvc.Internal.ControllerActionInvoker|INFO||Executed action Contoso.WebAPI.Controllers.ValuesController.Get (Contoso.WebAPI) in 1922.7521ms 
2017-09-09 01:57:23.8849|2|Microsoft.AspNetCore.Hosting.Internal.WebHost|INFO||Request finished in 2043.1443ms 500 application/json 
